[38;5;112m[Appium][0m Welcome to Appium v2.13.1
[38;5;112m[Appium][0m Non-default server args:
[38;5;112m[Appium][0m { basePath: [32m'/wd/hub'[39m, loglevel: [32m'info'[39m, port: [33m52535[39m }
[38;5;112m[Appium][0m Attempting to load driver uiautomator2...
[38;5;112m[Appium][0m Appium REST http interface listener started on http://0.0.0.0:52535/wd/hub
[38;5;112m[Appium][0m You can provide the following URLs in your client code to connect to this server:
	http://10.102.37.150:52535/wd/hub
	http://192.168.1.70:52535/wd/hub
	http://127.0.0.1:52535/wd/hub (only accessible from the same host)
[38;5;112m[Appium][0m Available drivers:
[38;5;112m[Appium][0m   - uiautomator2@3.9.5 (automationName 'UiAutomator2')
[38;5;112m[Appium][0m No plugins have been installed. Use the "appium plugin" command to install the one(s) you want to use.
[38;5;86m[HTTP][0m [37m-->[39m [37mGET[39m [37m/wd/hub/status[39m [90m{}[39m
[38;5;86m[HTTP][0m [37m<-- GET /wd/hub/status [39m[32m200[39m [90m5 ms - 111[39m [90m[39m
[38;5;86m[HTTP][0m [37m-->[39m [37mGET[39m [37m/wd/hub/status[39m [90m{}[39m
[38;5;86m[HTTP][0m [37m<-- GET /wd/hub/status [39m[32m200[39m [90m1 ms - 111[39m [90m[39m
[38;5;86m[HTTP][0m [37m-->[39m [37mPOST[39m [37m/wd/hub/session[39m [90m{"capabilities":{"firstMatch":[{"appium:app":"C:\\Users\\Evgenia\\Downloads\\Calculator_8.6.1 (625857114)_APKPure.apk","appium:autoGrantPermissions":true,"appium:automationName":"uiautomator2","appium:deviceName":"emulator-5554 (AOSP on IA Emulator - Android 9)","appium:fullReset":false,"appium:newCommandTimeout":1800,"appium:noReset":true,"appium:platformName":"ANDROID","appium:platformVersion":"9","appium:systemPort":52549,"appium:udid":"emulator-5554","platformName":"ANDROID"}]},"desiredCapabilities":{"appium:app":"C:\\Users\\Evgenia\\Downloads\\Calculator_8.6.1 (625857114)_APKPure.apk","appium:autoGrantPermissions":true,"appium:automationName":"uiautomator2","appium:deviceName":"emulator-5554 (AOSP on IA Emulator - Android 9)","appium:fullReset":false,"appium:newCommandTimeout":1800,"appium:noReset":true,"appium:platformName":"ANDROID","appium:platformVersion":"9","appium:systemPort":52549,"appium:udid":"emulator-5554"}}[39m
[38;5;123m[BaseDriver][0m Ignoring capability 'appium:platformName=ANDROID' and using capability 'platformName=ANDROID'
[38;5;123m[BaseDriver][0m The capabilities ["platformName"] are standard capabilities and do not require "appium:" prefix
[38;5;112m[Appium][0m Attempting to find matching driver for automationName 'uiautomator2' and platformName 'ANDROID'
[38;5;112m[Appium][0m The 'uiautomator2' driver was installed and matched caps.
[38;5;112m[Appium][0m Will require it at C:\Users\Evgenia\.appium\node_modules\appium-uiautomator2-driver
[38;5;157m[AppiumDriver@6fa2][0m Appium v2.13.1 creating new AndroidUiautomator2Driver (v3.9.5) session
[38;5;157m[AppiumDriver@6fa2][0m Checking BaseDriver versions for Appium and AndroidUiautomator2Driver
[38;5;157m[AppiumDriver@6fa2][0m Appium's BaseDriver version is 9.13.1
[38;5;157m[AppiumDriver@6fa2][0m AndroidUiautomator2Driver's BaseDriver version is 9.13.1
[38;5;74m[c5c964e1][0m[38;5;-100m[AndroidUiautomator2Driver@ea7b][0m Session created with session id: c5c964e1-7aff-42b5-b6cc-f6cf2d48374d
[38;5;74m[c5c964e1][0m[38;5;229m[ADB][0m Found 1 'build-tools' folders under 'C:\Users\Evgenia\.katalon\tools\android_sdk' (newest first):
[38;5;74m[c5c964e1][0m[38;5;229m[ADB][0m     C:\Users\Evgenia\.katalon\tools\android_sdk\build-tools\29.0.3
[38;5;74m[c5c964e1][0m[38;5;229m[ADB][0m Using 'adb.exe' from 'C:\Users\Evgenia\.katalon\tools\android_sdk\platform-tools\adb.exe'
[38;5;74m[c5c964e1][0m[38;5;-100m[AndroidUiautomator2Driver@ea7b][0m Retrieving device list
[38;5;74m[c5c964e1][0m[38;5;-100m[AndroidUiautomator2Driver@ea7b][0m Using device: emulator-5554
[38;5;74m[c5c964e1][0m[38;5;229m[ADB][0m Using 'adb.exe' from 'C:\Users\Evgenia\.katalon\tools\android_sdk\platform-tools\adb.exe'
[38;5;74m[c5c964e1][0m[38;5;123m[BaseDriver][0m Using local app 'C:\Users\Evgenia\Downloads\Calculator_8.6.1 (625857114)_APKPure.apk'
[38;5;74m[c5c964e1][0m[38;5;229m[ADB][0m Getting device platform version
[38;5;74m[c5c964e1][0m[38;5;-100m[AndroidUiautomator2Driver@ea7b][0m Relaxing hidden api policy
[38;5;74m[c5c964e1][0m[38;5;229m[ADB][0m Using 'aapt2.exe' from 'C:\Users\Evgenia\.katalon\tools\android_sdk\build-tools\29.0.3\aapt2.exe'
[38;5;74m[c5c964e1][0m[38;5;229m[ADB][0m Package name: 'com.google.android.calculator'
[38;5;74m[c5c964e1][0m[38;5;229m[ADB][0m Main activity name: 'com.android.calculator2.Calculator'
[38;5;74m[c5c964e1][0m[38;5;229m[ADB][0m Using 'apksigner.jar' from 'C:\Users\Evgenia\.katalon\tools\android_sdk\build-tools\29.0.3\lib\apksigner.jar'
[38;5;74m[c5c964e1][0m[38;5;-100m[AndroidUiautomator2Driver@ea7b][0m Server packages are not going to be (re)installed
[38;5;74m[c5c964e1][0m[38;5;229m[ADB][0m Adding packages ["io.appium.settings","io.appium.uiautomator2.server","io.appium.uiautomator2.server.test"] to Doze whitelist
[38;5;74m[c5c964e1][0m[38;5;229m[ADB][0m 'C:\Users\Evgenia\Downloads\Calculator_8.6.1 (625857114)_APKPure.apk' is signed with the default certificate
[38;5;74m[c5c964e1][0m[38;5;229m[ADB][0m The application at 'C:\Users\Evgenia\Downloads\Calculator_8.6.1 (625857114)_APKPure.apk' will not be cached, because the device under test has confirmed the support of streamed installs
[38;5;74m[c5c964e1][0m[38;5;229m[ADB][0m The installation of 'Calculator_8.6.1 (625857114)_APKPure.apk' took 1308ms
[38;5;74m[c5c964e1][0m[38;5;-100m[AndroidUiautomator2Driver@ea7b][0m Starting UIAutomator2 server 7.1.7
[38;5;74m[c5c964e1][0m[38;5;-100m[AndroidUiautomator2Driver@ea7b][0m Using UIAutomator2 server from 'C:\Users\Evgenia\.appium\node_modules\appium-uiautomator2-driver\node_modules\appium-uiautomator2-server\apks\appium-uiautomator2-server-v7.1.7.apk' and test from 'C:\Users\Evgenia\.appium\node_modules\appium-uiautomator2-driver\node_modules\appium-uiautomator2-server\apks\appium-uiautomator2-server-debug-androidTest.apk'
[38;5;74m[c5c964e1][0m[38;5;-100m[AndroidUiautomator2Driver@ea7b][0m Waiting up to 30000ms for UiAutomator2 to be online...
[38;5;74m[c5c964e1][0m[38;5;-100m[AndroidUiautomator2Driver@ea7b][0m socket hang up
[38;5;74m[c5c964e1][0m[38;5;-100m[AndroidUiautomator2Driver@ea7b][0m socket hang up
[38;5;74m[c5c964e1][0m[38;5;-100m[AndroidUiautomator2Driver@ea7b][0m socket hang up
[38;5;74m[c5c964e1][0m[38;5;-100m[AndroidUiautomator2Driver@ea7b][0m Determined the downstream protocol as 'W3C'
[38;5;74m[c5c964e1][0m[38;5;-100m[AndroidUiautomator2Driver@ea7b][0m Screen already unlocked, doing nothing
[38;5;74m[c5c964e1][0m[38;5;-100m[AndroidUiautomator2Driver@ea7b][0m Starting 'com.google.android.calculator/com.android.calculator2.Calculator and waiting for 'com.google.android.calculator/com.android.calculator2.Calculator'
[38;5;74m[c5c964e1][0m[38;5;157m[AppiumDriver@6fa2][0m New AndroidUiautomator2Driver session created successfully, session c5c964e1-7aff-42b5-b6cc-f6cf2d48374d added to master session list
[38;5;74m[c5c964e1][0m[38;5;86m[HTTP][0m [37m<-- POST /wd/hub/session [39m[32m200[39m [90m8595 ms - 1270[39m [90m[39m
[38;5;86m[HTTP][0m [37m-->[39m [37mGET[39m [37m/wd/hub/status[39m [90m{}[39m
[38;5;86m[HTTP][0m [37m<-- GET /wd/hub/status [39m[32m200[39m [90m1 ms - 111[39m [90m[39m
[38;5;74m[c5c964e1][0m[38;5;86m[HTTP][0m [37m-->[39m [37mPOST[39m [37m/wd/hub/session/c5c964e1-7aff-42b5-b6cc-f6cf2d48374d/timeouts[39m [90m{"implicit":60000}[39m
[38;5;74m[c5c964e1][0m[38;5;86m[HTTP][0m [37m<-- POST /wd/hub/session/c5c964e1-7aff-42b5-b6cc-f6cf2d48374d/timeouts [39m[32m200[39m [90m2 ms - 14[39m [90m[39m
[38;5;74m[c5c964e1][0m[38;5;86m[HTTP][0m [37m-->[39m [37mGET[39m [37m/wd/hub/session/c5c964e1-7aff-42b5-b6cc-f6cf2d48374d/source[39m [90m{}[39m
[38;5;74m[c5c964e1][0m[38;5;-100m[AndroidUiautomator2Driver@ea7b][0m Driver proxy active, passing request on via HTTP proxy
[38;5;74m[c5c964e1][0m[38;5;-100m[AndroidUiautomator2Driver@ea7b][0m Replacing sessionId d8a20b92-48ef-45c6-a606-19ff9219f076 with c5c964e1-7aff-42b5-b6cc-f6cf2d48374d
[38;5;74m[c5c964e1][0m[38;5;86m[HTTP][0m [37m<-- GET /wd/hub/session/c5c964e1-7aff-42b5-b6cc-f6cf2d48374d/source [39m[32m200[39m [90m1545 ms - 20488[39m [90m[39m
[38;5;74m[c5c964e1][0m[38;5;86m[HTTP][0m [37m-->[39m [37mGET[39m [37m/wd/hub/session/c5c964e1-7aff-42b5-b6cc-f6cf2d48374d/screenshot[39m [90m{}[39m
[38;5;74m[c5c964e1][0m[38;5;86m[HTTP][0m [37m<-- GET /wd/hub/session/c5c964e1-7aff-42b5-b6cc-f6cf2d48374d/screenshot [39m[32m200[39m [90m264 ms - 195336[39m [90m[39m
[38;5;74m[c5c964e1][0m[38;5;86m[HTTP][0m [37m-->[39m [37mGET[39m [37m/wd/hub/session/c5c964e1-7aff-42b5-b6cc-f6cf2d48374d/window/rect[39m [90m{}[39m
[38;5;74m[c5c964e1][0m[38;5;86m[HTTP][0m [37m<-- GET /wd/hub/session/c5c964e1-7aff-42b5-b6cc-f6cf2d48374d/window/rect [39m[32m200[39m [90m21 ms - 50[39m [90m[39m
[38;5;74m[c5c964e1][0m[38;5;86m[HTTP][0m [37m-->[39m [37mPOST[39m [37m/wd/hub/session/c5c964e1-7aff-42b5-b6cc-f6cf2d48374d/elements[39m [90m{"using":"xpath","value":"//*[@class = 'android.widget.ImageButton' and @resource-id = 'com.google.android.calculator:id/digit_1' and (@text = '' or . = '')]"}[39m
[38;5;74m[c5c964e1][0m[38;5;86m[HTTP][0m [37m<-- POST /wd/hub/session/c5c964e1-7aff-42b5-b6cc-f6cf2d48374d/elements [39m[32m200[39m [90m1646 ms - 139[39m [90m[39m
[38;5;74m[c5c964e1][0m[38;5;86m[HTTP][0m [37m-->[39m [37mGET[39m [37m/wd/hub/session/c5c964e1-7aff-42b5-b6cc-f6cf2d48374d/element/00000000-0000-0034-ffff-ffff0000002c/rect[39m [90m{}[39m
[38;5;74m[c5c964e1][0m[38;5;-100m[AndroidUiautomator2Driver@ea7b][0m Driver proxy active, passing request on via HTTP proxy
[38;5;74m[c5c964e1][0m[38;5;-100m[AndroidUiautomator2Driver@ea7b][0m Replacing sessionId d8a20b92-48ef-45c6-a606-19ff9219f076 with c5c964e1-7aff-42b5-b6cc-f6cf2d48374d
[38;5;74m[c5c964e1][0m[38;5;86m[HTTP][0m [37m<-- GET /wd/hub/session/c5c964e1-7aff-42b5-b6cc-f6cf2d48374d/element/00000000-0000-0034-ffff-ffff0000002c/rect [39m[32m200[39m [90m31 ms - 103[39m [90m[39m
[38;5;74m[c5c964e1][0m[38;5;86m[HTTP][0m [37m-->[39m [37mPOST[39m [37m/wd/hub/session/c5c964e1-7aff-42b5-b6cc-f6cf2d48374d/element/00000000-0000-0034-ffff-ffff0000002c/click[39m [90m{"id":"00000000-0000-0034-ffff-ffff0000002c"}[39m
[38;5;74m[c5c964e1][0m[38;5;86m[HTTP][0m [37m<-- POST /wd/hub/session/c5c964e1-7aff-42b5-b6cc-f6cf2d48374d/element/00000000-0000-0034-ffff-ffff0000002c/click [39m[32m200[39m [90m625 ms - 14[39m [90m[39m
[38;5;74m[c5c964e1][0m[38;5;86m[HTTP][0m [37m-->[39m [37mGET[39m [37m/wd/hub/session/c5c964e1-7aff-42b5-b6cc-f6cf2d48374d/source[39m [90m{}[39m
[38;5;74m[c5c964e1][0m[38;5;-100m[AndroidUiautomator2Driver@ea7b][0m Driver proxy active, passing request on via HTTP proxy
[38;5;74m[c5c964e1][0m[38;5;-100m[AndroidUiautomator2Driver@ea7b][0m Replacing sessionId d8a20b92-48ef-45c6-a606-19ff9219f076 with c5c964e1-7aff-42b5-b6cc-f6cf2d48374d
[38;5;74m[c5c964e1][0m[38;5;86m[HTTP][0m [37m<-- GET /wd/hub/session/c5c964e1-7aff-42b5-b6cc-f6cf2d48374d/source [39m[32m200[39m [90m125 ms - 20051[39m [90m[39m
[38;5;74m[c5c964e1][0m[38;5;86m[HTTP][0m [37m-->[39m [37mGET[39m [37m/wd/hub/session/c5c964e1-7aff-42b5-b6cc-f6cf2d48374d/screenshot[39m [90m{}[39m
[38;5;74m[c5c964e1][0m[38;5;86m[HTTP][0m [37m<-- GET /wd/hub/session/c5c964e1-7aff-42b5-b6cc-f6cf2d48374d/screenshot [39m[32m200[39m [90m248 ms - 173344[39m [90m[39m
[38;5;74m[c5c964e1][0m[38;5;86m[HTTP][0m [37m-->[39m [37mGET[39m [37m/wd/hub/session/c5c964e1-7aff-42b5-b6cc-f6cf2d48374d/window/rect[39m [90m{}[39m
[38;5;74m[c5c964e1][0m[38;5;86m[HTTP][0m [37m<-- GET /wd/hub/session/c5c964e1-7aff-42b5-b6cc-f6cf2d48374d/window/rect [39m[32m200[39m [90m12 ms - 50[39m [90m[39m
[38;5;74m[c5c964e1][0m[38;5;86m[HTTP][0m [37m-->[39m [37mPOST[39m [37m/wd/hub/session/c5c964e1-7aff-42b5-b6cc-f6cf2d48374d/elements[39m [90m{"using":"xpath","value":"//*[@class = 'android.widget.ImageButton' and @resource-id = 'com.google.android.calculator:id/op_add' and (@text = '' or . = '')]"}[39m
[38;5;74m[c5c964e1][0m[38;5;86m[HTTP][0m [37m<-- POST /wd/hub/session/c5c964e1-7aff-42b5-b6cc-f6cf2d48374d/elements [39m[32m200[39m [90m145 ms - 139[39m [90m[39m
[38;5;74m[c5c964e1][0m[38;5;86m[HTTP][0m [37m-->[39m [37mGET[39m [37m/wd/hub/session/c5c964e1-7aff-42b5-b6cc-f6cf2d48374d/element/00000000-0000-0034-ffff-ffff0000002f/rect[39m [90m{}[39m
[38;5;74m[c5c964e1][0m[38;5;-100m[AndroidUiautomator2Driver@ea7b][0m Driver proxy active, passing request on via HTTP proxy
[38;5;74m[c5c964e1][0m[38;5;-100m[AndroidUiautomator2Driver@ea7b][0m Replacing sessionId d8a20b92-48ef-45c6-a606-19ff9219f076 with c5c964e1-7aff-42b5-b6cc-f6cf2d48374d
[38;5;74m[c5c964e1][0m[38;5;86m[HTTP][0m [37m<-- GET /wd/hub/session/c5c964e1-7aff-42b5-b6cc-f6cf2d48374d/element/00000000-0000-0034-ffff-ffff0000002f/rect [39m[32m200[39m [90m18 ms - 104[39m [90m[39m
[38;5;74m[c5c964e1][0m[38;5;86m[HTTP][0m [37m-->[39m [37mPOST[39m [37m/wd/hub/session/c5c964e1-7aff-42b5-b6cc-f6cf2d48374d/element/00000000-0000-0034-ffff-ffff0000002f/click[39m [90m{"id":"00000000-0000-0034-ffff-ffff0000002f"}[39m
[38;5;74m[c5c964e1][0m[38;5;86m[HTTP][0m [37m<-- POST /wd/hub/session/c5c964e1-7aff-42b5-b6cc-f6cf2d48374d/element/00000000-0000-0034-ffff-ffff0000002f/click [39m[32m200[39m [90m546 ms - 14[39m [90m[39m
[38;5;74m[c5c964e1][0m[38;5;86m[HTTP][0m [37m-->[39m [37mGET[39m [37m/wd/hub/session/c5c964e1-7aff-42b5-b6cc-f6cf2d48374d/source[39m [90m{}[39m
[38;5;74m[c5c964e1][0m[38;5;-100m[AndroidUiautomator2Driver@ea7b][0m Driver proxy active, passing request on via HTTP proxy
[38;5;74m[c5c964e1][0m[38;5;-100m[AndroidUiautomator2Driver@ea7b][0m Replacing sessionId d8a20b92-48ef-45c6-a606-19ff9219f076 with c5c964e1-7aff-42b5-b6cc-f6cf2d48374d
[38;5;74m[c5c964e1][0m[38;5;86m[HTTP][0m [37m<-- GET /wd/hub/session/c5c964e1-7aff-42b5-b6cc-f6cf2d48374d/source [39m[32m200[39m [90m80 ms - 20052[39m [90m[39m
[38;5;74m[c5c964e1][0m[38;5;86m[HTTP][0m [37m-->[39m [37mGET[39m [37m/wd/hub/session/c5c964e1-7aff-42b5-b6cc-f6cf2d48374d/screenshot[39m [90m{}[39m
[38;5;74m[c5c964e1][0m[38;5;86m[HTTP][0m [37m<-- GET /wd/hub/session/c5c964e1-7aff-42b5-b6cc-f6cf2d48374d/screenshot [39m[32m200[39m [90m242 ms - 174184[39m [90m[39m
[38;5;74m[c5c964e1][0m[38;5;86m[HTTP][0m [37m-->[39m [37mGET[39m [37m/wd/hub/session/c5c964e1-7aff-42b5-b6cc-f6cf2d48374d/window/rect[39m [90m{}[39m
[38;5;74m[c5c964e1][0m[38;5;86m[HTTP][0m [37m<-- GET /wd/hub/session/c5c964e1-7aff-42b5-b6cc-f6cf2d48374d/window/rect [39m[32m200[39m [90m11 ms - 50[39m [90m[39m
[38;5;74m[c5c964e1][0m[38;5;86m[HTTP][0m [37m-->[39m [37mPOST[39m [37m/wd/hub/session/c5c964e1-7aff-42b5-b6cc-f6cf2d48374d/elements[39m [90m{"using":"xpath","value":"//*[@class = 'android.widget.ImageButton' and @resource-id = 'com.google.android.calculator:id/digit_5' and (@text = '' or . = '')]"}[39m
[38;5;74m[c5c964e1][0m[38;5;86m[HTTP][0m [37m<-- POST /wd/hub/session/c5c964e1-7aff-42b5-b6cc-f6cf2d48374d/elements [39m[32m200[39m [90m119 ms - 139[39m [90m[39m
[38;5;74m[c5c964e1][0m[38;5;86m[HTTP][0m [37m-->[39m [37mGET[39m [37m/wd/hub/session/c5c964e1-7aff-42b5-b6cc-f6cf2d48374d/element/00000000-0000-0034-ffff-ffff00000029/rect[39m [90m{}[39m
[38;5;74m[c5c964e1][0m[38;5;-100m[AndroidUiautomator2Driver@ea7b][0m Driver proxy active, passing request on via HTTP proxy
[38;5;74m[c5c964e1][0m[38;5;-100m[AndroidUiautomator2Driver@ea7b][0m Replacing sessionId d8a20b92-48ef-45c6-a606-19ff9219f076 with c5c964e1-7aff-42b5-b6cc-f6cf2d48374d
[38;5;74m[c5c964e1][0m[38;5;86m[HTTP][0m [37m<-- GET /wd/hub/session/c5c964e1-7aff-42b5-b6cc-f6cf2d48374d/element/00000000-0000-0034-ffff-ffff00000029/rect [39m[32m200[39m [90m16 ms - 104[39m [90m[39m
[38;5;74m[c5c964e1][0m[38;5;86m[HTTP][0m [37m-->[39m [37mPOST[39m [37m/wd/hub/session/c5c964e1-7aff-42b5-b6cc-f6cf2d48374d/element/00000000-0000-0034-ffff-ffff00000029/click[39m [90m{"id":"00000000-0000-0034-ffff-ffff00000029"}[39m
[38;5;74m[c5c964e1][0m[38;5;86m[HTTP][0m [37m<-- POST /wd/hub/session/c5c964e1-7aff-42b5-b6cc-f6cf2d48374d/element/00000000-0000-0034-ffff-ffff00000029/click [39m[32m200[39m [90m664 ms - 14[39m [90m[39m
[38;5;74m[c5c964e1][0m[38;5;86m[HTTP][0m [37m-->[39m [37mGET[39m [37m/wd/hub/session/c5c964e1-7aff-42b5-b6cc-f6cf2d48374d/source[39m [90m{}[39m
[38;5;74m[c5c964e1][0m[38;5;-100m[AndroidUiautomator2Driver@ea7b][0m Driver proxy active, passing request on via HTTP proxy
[38;5;74m[c5c964e1][0m[38;5;-100m[AndroidUiautomator2Driver@ea7b][0m Replacing sessionId d8a20b92-48ef-45c6-a606-19ff9219f076 with c5c964e1-7aff-42b5-b6cc-f6cf2d48374d
[38;5;74m[c5c964e1][0m[38;5;86m[HTTP][0m [37m<-- GET /wd/hub/session/c5c964e1-7aff-42b5-b6cc-f6cf2d48374d/source [39m[32m200[39m [90m81 ms - 20026[39m [90m[39m
[38;5;74m[c5c964e1][0m[38;5;86m[HTTP][0m [37m-->[39m [37mGET[39m [37m/wd/hub/session/c5c964e1-7aff-42b5-b6cc-f6cf2d48374d/screenshot[39m [90m{}[39m
[38;5;74m[c5c964e1][0m[38;5;86m[HTTP][0m [37m<-- GET /wd/hub/session/c5c964e1-7aff-42b5-b6cc-f6cf2d48374d/screenshot [39m[32m200[39m [90m237 ms - 187488[39m [90m[39m
[38;5;74m[c5c964e1][0m[38;5;86m[HTTP][0m [37m-->[39m [37mGET[39m [37m/wd/hub/session/c5c964e1-7aff-42b5-b6cc-f6cf2d48374d/window/rect[39m [90m{}[39m
[38;5;74m[c5c964e1][0m[38;5;86m[HTTP][0m [37m<-- GET /wd/hub/session/c5c964e1-7aff-42b5-b6cc-f6cf2d48374d/window/rect [39m[32m200[39m [90m10 ms - 50[39m [90m[39m
[38;5;74m[c5c964e1][0m[38;5;86m[HTTP][0m [37m-->[39m [37mPOST[39m [37m/wd/hub/session/c5c964e1-7aff-42b5-b6cc-f6cf2d48374d/elements[39m [90m{"using":"xpath","value":"//*[@class = 'android.widget.ImageButton' and @resource-id = 'com.google.android.calculator:id/eq' and (@text = '' or . = '')]"}[39m
[38;5;74m[c5c964e1][0m[38;5;86m[HTTP][0m [37m<-- POST /wd/hub/session/c5c964e1-7aff-42b5-b6cc-f6cf2d48374d/elements [39m[32m200[39m [90m120 ms - 139[39m [90m[39m
[38;5;74m[c5c964e1][0m[38;5;86m[HTTP][0m [37m-->[39m [37mGET[39m [37m/wd/hub/session/c5c964e1-7aff-42b5-b6cc-f6cf2d48374d/element/00000000-0000-0034-ffff-ffff00000033/rect[39m [90m{}[39m
[38;5;74m[c5c964e1][0m[38;5;-100m[AndroidUiautomator2Driver@ea7b][0m Driver proxy active, passing request on via HTTP proxy
[38;5;74m[c5c964e1][0m[38;5;-100m[AndroidUiautomator2Driver@ea7b][0m Replacing sessionId d8a20b92-48ef-45c6-a606-19ff9219f076 with c5c964e1-7aff-42b5-b6cc-f6cf2d48374d
[38;5;74m[c5c964e1][0m[38;5;86m[HTTP][0m [37m<-- GET /wd/hub/session/c5c964e1-7aff-42b5-b6cc-f6cf2d48374d/element/00000000-0000-0034-ffff-ffff00000033/rect [39m[32m200[39m [90m17 ms - 104[39m [90m[39m
[38;5;74m[c5c964e1][0m[38;5;86m[HTTP][0m [37m-->[39m [37mPOST[39m [37m/wd/hub/session/c5c964e1-7aff-42b5-b6cc-f6cf2d48374d/element/00000000-0000-0034-ffff-ffff00000033/click[39m [90m{"id":"00000000-0000-0034-ffff-ffff00000033"}[39m
[38;5;74m[c5c964e1][0m[38;5;86m[HTTP][0m [37m<-- POST /wd/hub/session/c5c964e1-7aff-42b5-b6cc-f6cf2d48374d/element/00000000-0000-0034-ffff-ffff00000033/click [39m[32m200[39m [90m851 ms - 14[39m [90m[39m
[38;5;74m[c5c964e1][0m[38;5;86m[HTTP][0m [37m-->[39m [37mGET[39m [37m/wd/hub/session/c5c964e1-7aff-42b5-b6cc-f6cf2d48374d/source[39m [90m{}[39m
[38;5;74m[c5c964e1][0m[38;5;-100m[AndroidUiautomator2Driver@ea7b][0m Driver proxy active, passing request on via HTTP proxy
[38;5;74m[c5c964e1][0m[38;5;-100m[AndroidUiautomator2Driver@ea7b][0m Replacing sessionId d8a20b92-48ef-45c6-a606-19ff9219f076 with c5c964e1-7aff-42b5-b6cc-f6cf2d48374d
[38;5;74m[c5c964e1][0m[38;5;86m[HTTP][0m [37m<-- GET /wd/hub/session/c5c964e1-7aff-42b5-b6cc-f6cf2d48374d/source [39m[32m200[39m [90m66 ms - 18984[39m [90m[39m
[38;5;74m[c5c964e1][0m[38;5;86m[HTTP][0m [37m-->[39m [37mGET[39m [37m/wd/hub/session/c5c964e1-7aff-42b5-b6cc-f6cf2d48374d/screenshot[39m [90m{}[39m
[38;5;74m[c5c964e1][0m[38;5;86m[HTTP][0m [37m<-- GET /wd/hub/session/c5c964e1-7aff-42b5-b6cc-f6cf2d48374d/screenshot [39m[32m200[39m [90m242 ms - 180936[39m [90m[39m
[38;5;74m[c5c964e1][0m[38;5;86m[HTTP][0m [37m-->[39m [37mGET[39m [37m/wd/hub/session/c5c964e1-7aff-42b5-b6cc-f6cf2d48374d/window/rect[39m [90m{}[39m
[38;5;74m[c5c964e1][0m[38;5;86m[HTTP][0m [37m<-- GET /wd/hub/session/c5c964e1-7aff-42b5-b6cc-f6cf2d48374d/window/rect [39m[32m200[39m [90m9 ms - 50[39m [90m[39m
[38;5;74m[c5c964e1][0m[38;5;86m[HTTP][0m [37m-->[39m [37mPOST[39m [37m/wd/hub/session/c5c964e1-7aff-42b5-b6cc-f6cf2d48374d/elements[39m [90m{"using":"xpath","value":"//*[@class = 'android.widget.TextView' and (@text = '6' or . = '6') and @resource-id = 'com.google.android.calculator:id/result_final']"}[39m
[38;5;74m[c5c964e1][0m[38;5;86m[HTTP][0m [37m<-- POST /wd/hub/session/c5c964e1-7aff-42b5-b6cc-f6cf2d48374d/elements [39m[32m200[39m [90m104 ms - 139[39m [90m[39m
[38;5;74m[c5c964e1][0m[38;5;86m[HTTP][0m [37m-->[39m [37mGET[39m [37m/wd/hub/session/c5c964e1-7aff-42b5-b6cc-f6cf2d48374d/element/00000000-0000-0034-ffff-ffff0000003b/rect[39m [90m{}[39m
[38;5;74m[c5c964e1][0m[38;5;-100m[AndroidUiautomator2Driver@ea7b][0m Driver proxy active, passing request on via HTTP proxy
[38;5;74m[c5c964e1][0m[38;5;-100m[AndroidUiautomator2Driver@ea7b][0m Replacing sessionId d8a20b92-48ef-45c6-a606-19ff9219f076 with c5c964e1-7aff-42b5-b6cc-f6cf2d48374d
[38;5;74m[c5c964e1][0m[38;5;86m[HTTP][0m [37m<-- GET /wd/hub/session/c5c964e1-7aff-42b5-b6cc-f6cf2d48374d/element/00000000-0000-0034-ffff-ffff0000003b/rect [39m[32m200[39m [90m15 ms - 102[39m [90m[39m
[38;5;74m[c5c964e1][0m[38;5;86m[HTTP][0m [37m-->[39m [37mGET[39m [37m/wd/hub/session/c5c964e1-7aff-42b5-b6cc-f6cf2d48374d/element/00000000-0000-0034-ffff-ffff0000003b/text[39m [90m{}[39m
[38;5;74m[c5c964e1][0m[38;5;-100m[AndroidUiautomator2Driver@ea7b][0m Driver proxy active, passing request on via HTTP proxy
[38;5;74m[c5c964e1][0m[38;5;-100m[AndroidUiautomator2Driver@ea7b][0m Replacing sessionId d8a20b92-48ef-45c6-a606-19ff9219f076 with c5c964e1-7aff-42b5-b6cc-f6cf2d48374d
[38;5;74m[c5c964e1][0m[38;5;86m[HTTP][0m [37m<-- GET /wd/hub/session/c5c964e1-7aff-42b5-b6cc-f6cf2d48374d/element/00000000-0000-0034-ffff-ffff0000003b/text [39m[32m200[39m [90m13 ms - 64[39m [90m[39m
[38;5;74m[c5c964e1][0m[38;5;86m[HTTP][0m [37m-->[39m [37mGET[39m [37m/wd/hub/session/c5c964e1-7aff-42b5-b6cc-f6cf2d48374d/source[39m [90m{}[39m
[38;5;74m[c5c964e1][0m[38;5;-100m[AndroidUiautomator2Driver@ea7b][0m Driver proxy active, passing request on via HTTP proxy
[38;5;74m[c5c964e1][0m[38;5;-100m[AndroidUiautomator2Driver@ea7b][0m Replacing sessionId d8a20b92-48ef-45c6-a606-19ff9219f076 with c5c964e1-7aff-42b5-b6cc-f6cf2d48374d
[38;5;74m[c5c964e1][0m[38;5;86m[HTTP][0m [37m<-- GET /wd/hub/session/c5c964e1-7aff-42b5-b6cc-f6cf2d48374d/source [39m[32m200[39m [90m59 ms - 18984[39m [90m[39m
[38;5;74m[c5c964e1][0m[38;5;86m[HTTP][0m [37m-->[39m [37mGET[39m [37m/wd/hub/session/c5c964e1-7aff-42b5-b6cc-f6cf2d48374d/screenshot[39m [90m{}[39m
[38;5;74m[c5c964e1][0m[38;5;86m[HTTP][0m [37m<-- GET /wd/hub/session/c5c964e1-7aff-42b5-b6cc-f6cf2d48374d/screenshot [39m[32m200[39m [90m239 ms - 180936[39m [90m[39m
[38;5;74m[c5c964e1][0m[38;5;86m[HTTP][0m [37m-->[39m [37mDELETE[39m [37m/wd/hub/session/c5c964e1-7aff-42b5-b6cc-f6cf2d48374d[39m [90m{}[39m
[38;5;74m[c5c964e1][0m[38;5;157m[AppiumDriver@6fa2][0m Removing session c5c964e1-7aff-42b5-b6cc-f6cf2d48374d from our master session list
[38;5;74m[c5c964e1][0m[38;5;-100m[AndroidUiautomator2Driver@ea7b][0m Restoring hidden api policy to the device default configuration
[38;5;74m[c5c964e1][0m[38;5;86m[HTTP][0m [37m<-- DELETE /wd/hub/session/c5c964e1-7aff-42b5-b6cc-f6cf2d48374d [39m[32m200[39m [90m137 ms - 14[39m [90m[39m
